<?xml version="1.0" encoding="UTF-8"?>
<!-- Generated by org.testng.reporters.JUnitXMLReporter -->
<testsuite hostname="mac.local" ignored="0" name="exampletest8" tests="1" failures="1" timestamp="05 Feb 2019 16:29:43 GMT" time="34.127" errors="0">
  <testcase name="testTerminateEmployee" time="28.216" classname="sprint0.EmployeeTerminateEmployee">
    <failure type="java.lang.AssertionError" message="The following asserts failed:
	expected [true] but found [false]">
      <![CDATA[java.lang.AssertionError: The following asserts failed:
expected [true] but found [false]
at sprint0.EmployeeTerminateEmployee.testTerminateEmployee(EmployeeTerminateEmployee.java:48)
... Removed 26 stack frames]]>
    </failure>
  </testcase> <!-- testTerminateEmployee -->
</testsuite> <!-- exampletest8 -->
