<?xml version="1.0" encoding="UTF-8"?>
<!-- Generated by org.testng.reporters.JUnitXMLReporter -->
<testsuite hostname="mac.local" ignored="0" name="exampletest11" tests="6" failures="6" timestamp="05 Feb 2019 16:40:26 GMT" time="176.165" errors="0">
  <testcase name="testTerminateEmployee" time="22.719" classname="sprint0.DeactivatedEmployeeArchive">
    <failure type="java.lang.AssertionError" message="The following asserts failed:
	expected [true] but found [false]">
      <![CDATA[java.lang.AssertionError: The following asserts failed:
expected [true] but found [false]
at sprint0.DeactivatedEmployeeArchive.testTerminateEmployee(DeactivatedEmployeeArchive.java:48)
... Removed 26 stack frames]]>
    </failure>
  </testcase> <!-- testTerminateEmployee -->
  <testcase name="testTerminateEmployee" time="23.322" classname="sprint0.DeactivatedEmployeeArchive">
    <failure type="java.lang.AssertionError" message="The following asserts failed:
	expected [true] but found [false]">
      <![CDATA[java.lang.AssertionError: The following asserts failed:
expected [true] but found [false]
at sprint0.DeactivatedEmployeeArchive.testTerminateEmployee(DeactivatedEmployeeArchive.java:48)
... Removed 26 stack frames]]>
    </failure>
  </testcase> <!-- testTerminateEmployee -->
  <testcase name="testTerminateEmployee" time="21.905" classname="sprint0.DeactivatedEmployeeArchive">
    <failure type="java.lang.AssertionError" message="The following asserts failed:
	expected [true] but found [false]">
      <![CDATA[java.lang.AssertionError: The following asserts failed:
expected [true] but found [false]
at sprint0.DeactivatedEmployeeArchive.testTerminateEmployee(DeactivatedEmployeeArchive.java:48)
... Removed 26 stack frames]]>
    </failure>
  </testcase> <!-- testTerminateEmployee -->
  <testcase name="testTerminateEmployee" time="25.661" classname="sprint0.DeactivatedEmployeeArchive">
    <failure type="java.lang.AssertionError" message="The following asserts failed:
	expected [true] but found [false]">
      <![CDATA[java.lang.AssertionError: The following asserts failed:
expected [true] but found [false]
at sprint0.DeactivatedEmployeeArchive.testTerminateEmployee(DeactivatedEmployeeArchive.java:48)
... Removed 26 stack frames]]>
    </failure>
  </testcase> <!-- testTerminateEmployee -->
  <testcase name="testTerminateEmployee" time="26.709" classname="sprint0.DeactivatedEmployeeArchive">
    <failure type="java.lang.AssertionError" message="The following asserts failed:
	expected [true] but found [false]">
      <![CDATA[java.lang.AssertionError: The following asserts failed:
expected [true] but found [false]
at sprint0.DeactivatedEmployeeArchive.testTerminateEmployee(DeactivatedEmployeeArchive.java:48)
... Removed 26 stack frames]]>
    </failure>
  </testcase> <!-- testTerminateEmployee -->
  <testcase name="testTerminateEmployee" time="24.523" classname="sprint0.DeactivatedEmployeeArchive">
    <failure type="java.lang.AssertionError" message="The following asserts failed:
	expected [true] but found [false]">
      <![CDATA[java.lang.AssertionError: The following asserts failed:
expected [true] but found [false]
at sprint0.DeactivatedEmployeeArchive.testTerminateEmployee(DeactivatedEmployeeArchive.java:48)
... Removed 26 stack frames]]>
    </failure>
  </testcase> <!-- testTerminateEmployee -->
</testsuite> <!-- exampletest11 -->
