<html>
<head>
<title>TestNG:  Regression suite 1</title>
<link href="../testng.css" rel="stylesheet" type="text/css" />
<link href="../my-testng.css" rel="stylesheet" type="text/css" />

<style type="text/css">
.log { display: none;} 
.stack-trace { display: none;} 
</style>
<script type="text/javascript">
<!--
function flip(e) {
  current = e.style.display;
  if (current == 'block') {
    e.style.display = 'none';
    return 0;
  }
  else {
    e.style.display = 'block';
    return 1;
  }
}

function toggleBox(szDivId, elem, msg1, msg2)
{
  var res = -1;  if (document.getElementById) {
    res = flip(document.getElementById(szDivId));
  }
  else if (document.all) {
    // this is the way old msie versions work
    res = flip(document.all[szDivId]);
  }
  if(elem) {
    if(res == 0) elem.innerHTML = msg1; else elem.innerHTML = msg2;
  }

}

function toggleAllBoxes() {
  if (document.getElementsByTagName) {
    d = document.getElementsByTagName('div');
    for (i = 0; i < d.length; i++) {
      if (d[i].className == 'log') {
        flip(d[i]);
      }
    }
  }
}

// -->
</script>

</head>
<body>
<h2 align='center'>Regression suite 1</h2><table border='1' align="center">
<tr>
<td>Tests passed/Failed/Skipped:</td><td>11/1/0</td>
</tr><tr>
<td>Started on:</td><td>Mon Jan 21 14:18:16 GMT 2019</td>
</tr>
<tr><td>Total time:</td><td>401 seconds (401158 ms)</td>
</tr><tr>
<td>Included groups:</td><td></td>
</tr><tr>
<td>Excluded groups:</td><td></td>
</tr>
</table><p/>
<small><i>(Hover the method name to see the test class name)</i></small><p/>
<table width='100%' border='1' class='invocation-failed'>
<tr><td colspan='4' align='center'><b>FAILED TESTS</b></td></tr>
<tr><td><b>Test method</b></td>
<td width="30%"><b>Exception</b></td>
<td width="10%"><b>Time (seconds)</b></td>
<td><b>Instance</b></td>
</tr>
<tr>
<td title='sprint0.employeeTerminateEmployee.testTerminateEmployee()'><b>testTerminateEmployee</b><br>Test class: sprint0.employeeTerminateEmployee<br>Parameters: Lala</td>
<td><div><pre>org.openqa.selenium.StaleElementReferenceException: stale element reference: element is not attached to the page document
  (Session info: chrome=71.0.3578.98)
  (Driver info: chromedriver=72.0.3626.7 (efcef9a3ecda02b2132af215116a03852d08b9cb),platform=Windows NT 6.1.7601 SP1 x86_64) (WARNING: The server did not provide any stacktrace information)
Command duration or timeout: 0 milliseconds
For documentation on this error, please visit: https://www.seleniumhq.org/exceptions/stale_element_reference.html
Build info: version: &apos;3.141.59&apos;, revision: &apos;e82be7d358&apos;, time: &apos;2018-11-14T08:17:03&apos;
System info: host: &apos;PDCLT01PC0UBVL7&apos;, ip: &apos;10.77.64.89&apos;, os.name: &apos;Windows 7&apos;, os.arch: &apos;amd64&apos;, os.version: &apos;6.1&apos;, java.version: &apos;1.8.0_162&apos;
Driver info: org.openqa.selenium.chrome.ChromeDriver
Capabilities {acceptInsecureCerts: false, acceptSslCerts: false, applicationCacheEnabled: false, browserConnectionEnabled: false, browserName: chrome, chrome: {chromedriverVersion: 72.0.3626.7 (efcef9a3ecda02..., userDataDir: C:\Users\Mpatil\AppData\Loc...}, cssSelectorsEnabled: true, databaseEnabled: false, goog:chromeOptions: {debuggerAddress: localhost:61441}, handlesAlerts: true, hasTouchScreen: false, javascriptEnabled: true, locationContextEnabled: true, mobileEmulationEnabled: false, nativeEvents: true, networkConnectionEnabled: false, pageLoadStrategy: normal, platform: XP, platformName: XP, proxy: Proxy(), rotatable: false, setWindowRect: true, takesHeapSnapshot: true, takesScreenshot: true, timeouts: {implicit: 0, pageLoad: 300000, script: 30000}, unexpectedAlertBehaviour: ignore, unhandledPromptBehavior: ignore, version: 71.0.3578.98, webStorageEnabled: true}
Session ID: 5010e911403f0f91f7bd7118dda27538
	at org.openqa.selenium.remote.ErrorHandler.createThrowable(ErrorHandler.java:214)
	at org.openqa.selenium.remote.ErrorHandler.throwIfResponseFailed(ErrorHandler.java:166)
	at org.openqa.selenium.remote.http.JsonHttpResponseCodec.reconstructValue(JsonHttpResponseCodec.java:40)
	at org.openqa.selenium.remote.http.AbstractHttpResponseCodec.decode(AbstractHttpResponseCodec.java:80)
	at org.openqa.selenium.remote.http.AbstractHttpResponseCodec.decode(AbstractHttpResponseCodec.java:44)
	at org.openqa.selenium.remote.HttpCommandExecutor.execute(HttpCommandExecutor.java:158)
	at org.openqa.selenium.remote.service.DriverCommandExecutor.execute(DriverCommandExecutor.java:83)
	at org.openqa.selenium.remote.RemoteWebDriver.execute(RemoteWebDriver.java:552)
	at org.openqa.selenium.remote.RemoteWebElement.execute(RemoteWebElement.java:285)
	at org.openqa.selenium.remote.RemoteWebElement.getText(RemoteWebElement.java:166)
	at sprint0.login.POM.employessEmployeesPagePOM.restoreEmployee(employessEmployeesPagePOM.java:509)
	at sprint0.employeeTerminateEmployee.testTerminateEmployee(employeeTerminateEmployee.java:46)
... Removed 29 stack frames</pre></div><a href='#' onClick='toggleBox("stack-trace2027340356", this, "Click to show all stack frames", "Click to hide stack frames")'>Click to show all stack frames</a>
<div class='stack-trace' id='stack-trace2027340356'><pre>org.openqa.selenium.StaleElementReferenceException: stale element reference: element is not attached to the page document
  (Session info: chrome=71.0.3578.98)
  (Driver info: chromedriver=72.0.3626.7 (efcef9a3ecda02b2132af215116a03852d08b9cb),platform=Windows NT 6.1.7601 SP1 x86_64) (WARNING: The server did not provide any stacktrace information)
Command duration or timeout: 0 milliseconds
For documentation on this error, please visit: https://www.seleniumhq.org/exceptions/stale_element_reference.html
Build info: version: &apos;3.141.59&apos;, revision: &apos;e82be7d358&apos;, time: &apos;2018-11-14T08:17:03&apos;
System info: host: &apos;PDCLT01PC0UBVL7&apos;, ip: &apos;10.77.64.89&apos;, os.name: &apos;Windows 7&apos;, os.arch: &apos;amd64&apos;, os.version: &apos;6.1&apos;, java.version: &apos;1.8.0_162&apos;
Driver info: org.openqa.selenium.chrome.ChromeDriver
Capabilities {acceptInsecureCerts: false, acceptSslCerts: false, applicationCacheEnabled: false, browserConnectionEnabled: false, browserName: chrome, chrome: {chromedriverVersion: 72.0.3626.7 (efcef9a3ecda02..., userDataDir: C:\Users\Mpatil\AppData\Loc...}, cssSelectorsEnabled: true, databaseEnabled: false, goog:chromeOptions: {debuggerAddress: localhost:61441}, handlesAlerts: true, hasTouchScreen: false, javascriptEnabled: true, locationContextEnabled: true, mobileEmulationEnabled: false, nativeEvents: true, networkConnectionEnabled: false, pageLoadStrategy: normal, platform: XP, platformName: XP, proxy: Proxy(), rotatable: false, setWindowRect: true, takesHeapSnapshot: true, takesScreenshot: true, timeouts: {implicit: 0, pageLoad: 300000, script: 30000}, unexpectedAlertBehaviour: ignore, unhandledPromptBehavior: ignore, version: 71.0.3578.98, webStorageEnabled: true}
Session ID: 5010e911403f0f91f7bd7118dda27538
	at sun.reflect.NativeConstructorAccessorImpl.newInstance0(Native Method)
	at sun.reflect.NativeConstructorAccessorImpl.newInstance(NativeConstructorAccessorImpl.java:62)
	at sun.reflect.DelegatingConstructorAccessorImpl.newInstance(DelegatingConstructorAccessorImpl.java:45)
	at java.lang.reflect.Constructor.newInstance(Constructor.java:423)
	at org.openqa.selenium.remote.ErrorHandler.createThrowable(ErrorHandler.java:214)
	at org.openqa.selenium.remote.ErrorHandler.throwIfResponseFailed(ErrorHandler.java:166)
	at org.openqa.selenium.remote.http.JsonHttpResponseCodec.reconstructValue(JsonHttpResponseCodec.java:40)
	at org.openqa.selenium.remote.http.AbstractHttpResponseCodec.decode(AbstractHttpResponseCodec.java:80)
	at org.openqa.selenium.remote.http.AbstractHttpResponseCodec.decode(AbstractHttpResponseCodec.java:44)
	at org.openqa.selenium.remote.HttpCommandExecutor.execute(HttpCommandExecutor.java:158)
	at org.openqa.selenium.remote.service.DriverCommandExecutor.execute(DriverCommandExecutor.java:83)
	at org.openqa.selenium.remote.RemoteWebDriver.execute(RemoteWebDriver.java:552)
	at org.openqa.selenium.remote.RemoteWebElement.execute(RemoteWebElement.java:285)
	at org.openqa.selenium.remote.RemoteWebElement.getText(RemoteWebElement.java:166)
	at sprint0.login.POM.employessEmployeesPagePOM.restoreEmployee(employessEmployeesPagePOM.java:509)
	at sprint0.employeeTerminateEmployee.testTerminateEmployee(employeeTerminateEmployee.java:46)
	at sun.reflect.NativeMethodAccessorImpl.invoke0(Native Method)
	at sun.reflect.NativeMethodAccessorImpl.invoke(NativeMethodAccessorImpl.java:62)
	at sun.reflect.DelegatingMethodAccessorImpl.invoke(DelegatingMethodAccessorImpl.java:43)
	at java.lang.reflect.Method.invoke(Method.java:498)
	at org.testng.internal.MethodInvocationHelper.invokeMethod(MethodInvocationHelper.java:124)
	at org.testng.internal.Invoker.invokeMethod(Invoker.java:580)
	at org.testng.internal.Invoker.invokeTestMethod(Invoker.java:716)
	at org.testng.internal.Invoker.invokeTestMethods(Invoker.java:988)
	at org.testng.internal.TestMethodWorker.invokeTestMethods(TestMethodWorker.java:125)
	at org.testng.internal.TestMethodWorker.run(TestMethodWorker.java:109)
	at org.testng.TestRunner.privateRun(TestRunner.java:648)
	at org.testng.TestRunner.run(TestRunner.java:505)
	at org.testng.SuiteRunner.runTest(SuiteRunner.java:455)
	at org.testng.SuiteRunner.runSequentially(SuiteRunner.java:450)
	at org.testng.SuiteRunner.privateRun(SuiteRunner.java:415)
	at org.testng.SuiteRunner.run(SuiteRunner.java:364)
	at org.testng.SuiteRunnerWorker.runSuite(SuiteRunnerWorker.java:52)
	at org.testng.SuiteRunnerWorker.run(SuiteRunnerWorker.java:84)
	at org.testng.TestNG.runSuitesSequentially(TestNG.java:1208)
	at org.testng.TestNG.runSuitesLocally(TestNG.java:1137)
	at org.testng.TestNG.runSuites(TestNG.java:1049)
	at org.testng.TestNG.run(TestNG.java:1017)
	at org.testng.remote.AbstractRemoteTestNG.run(AbstractRemoteTestNG.java:114)
	at org.testng.remote.RemoteTestNG.initAndRun(RemoteTestNG.java:251)
	at org.testng.remote.RemoteTestNG.main(RemoteTestNG.java:77)
</pre></div></td>
<td>24</td>
<td>sprint0.employeeTerminateEmployee@3e694b3f</td></tr>
</table><p>
<table width='100%' border='1' class='invocation-passed'>
<tr><td colspan='4' align='center'><b>PASSED TESTS</b></td></tr>
<tr><td><b>Test method</b></td>
<td width="30%"><b>Exception</b></td>
<td width="10%"><b>Time (seconds)</b></td>
<td><b>Instance</b></td>
</tr>
<tr>
<td title='sprint0.employessAddEmployee.testAddUserValid()'><b>testAddUserValid</b><br>Test class: sprint0.employessAddEmployee<br>Parameters: IND0001020, James, Martin, Indian, 19801012, Male, Divorced, Part Time Permanent, Product Manager, India, 20101231, Head Office, Select, Stuart, Asian American, Work Permit Holder, SSN000001, 10201012, JAMES, DL1010101, Administrator, JAMESMARTIN, ROOP MAHEL, PREM GALLI, MARATHON, Massachusetts, 46746, 4538753857, 5479347589, 9348958958, james@gmail.com, martin@gmail.com, 20121212, 20121212, Amy Daniel, Taylor Holmes, Gary Ruth, Cynthia Roger</td>
<td></td>
<td>23</td>
<td>sprint0.employessAddEmployee@78691363</td></tr>
<tr>
<td title='sprint0.DeactivateEmployee.testDeactivateEmployee()'><b>testDeactivateEmployee</b><br>Test class: sprint0.DeactivateEmployee<br>Parameters: Carl, Stuart</td>
<td></td>
<td>26</td>
<td>sprint0.DeactivateEmployee@7b98f307</td></tr>
<tr>
<td title='sprint0.DeactivateEmployee.testDeactivateEmployee()'><b>testDeactivateEmployee</b><br>Test class: sprint0.DeactivateEmployee<br>Parameters: Sandra, 19701010</td>
<td></td>
<td>20</td>
<td>sprint0.DeactivateEmployee@7b98f307</td></tr>
<tr>
<td title='sprint0.DeactivateEmployee.testDeactivateEmployee()'><b>testDeactivateEmployee</b><br>Test class: sprint0.DeactivateEmployee<br>Parameters: Jose, Widowed</td>
<td></td>
<td>21</td>
<td>sprint0.DeactivateEmployee@7b98f307</td></tr>
<tr>
<td title='sprint0.DeactivateEmployee.testDeactivateEmployee()'><b>testDeactivateEmployee</b><br>Test class: sprint0.DeactivateEmployee<br>Parameters: Nancy, Part Time Internship</td>
<td></td>
<td>24</td>
<td>sprint0.DeactivateEmployee@7b98f307</td></tr>
<tr>
<td title='sprint0.EmployeeSearchEdit.testEditEmployeeNote()'><b>testEditEmployeeNote</b><br>Test class: sprint0.EmployeeSearchEdit<br>Parameters: Lala, Test Note</td>
<td></td>
<td>44</td>
<td>sprint0.EmployeeSearchEdit@65fb9ffc</td></tr>
<tr>
<td title='sprint0.EmployeeView.testEmployeeView()'><b>testEmployeeView</b><br>Test class: sprint0.EmployeeView<br>Parameters: Lala</td>
<td></td>
<td>21</td>
<td>sprint0.EmployeeView@1bb5a082</td></tr>
<tr>
<td title='sprint0.EmployeeHomeFilter.testFilterJobTitle()'><b>testFilterJobTitle</b><br>Test class: sprint0.EmployeeHomeFilter<br>Parameters: Project Manager</td>
<td></td>
<td>24</td>
<td>sprint0.EmployeeHomeFilter@4802796d</td></tr>
<tr>
<td title='sprint0.EmployeeLoginAs.testLoginAsValid()'><b>testLoginAsValid</b><br>Test class: sprint0.EmployeeLoginAs<br>Parameters: Lala</td>
<td></td>
<td>27</td>
<td>sprint0.EmployeeLoginAs@34123d65</td></tr>
<tr>
<td title='sprint0.EmployeeSearch.testSearchName()'><b>testSearchName</b><br>Test class: sprint0.EmployeeSearch<br>Parameters: Lala</td>
<td></td>
<td>19</td>
<td>sprint0.EmployeeSearch@59474f18</td></tr>
<tr>
<td title='sprint0.userLogin.testUserLogin_valid()'><b>testUserLogin_valid</b><br>Test class: sprint0.userLogin</td>
<td></td>
<td>9</td>
<td>sprint0.userLogin@41d477ed</td></tr>
</table><p>
</body>
</html>