<?xml version="1.0" encoding="UTF-8"?>
<!-- Generated by org.testng.reporters.JUnitXMLReporter -->
<testsuite hostname="PDCLT01PC0UBVL7" ignored="0" name="exampletest1" tests="15" failures="1" timestamp="22 Jan 2019 10:20:22 GMT" time="629.267" errors="0">
  <testcase name="testAddUserValid" time="59.441" classname="sprint0.employessAddEmployee">
    <failure type="org.openqa.selenium.TimeoutException" message="Expected condition failed: waiting for visibility of element located by By.xpath: //button[ @onclick = &amp;apos;modJs.createUser();&amp;apos; ] (tried for 30 second(s) with 500 milliseconds interval)
Build info: version: &amp;apos;3.141.59&amp;apos;, revision: &amp;apos;e82be7d358&amp;apos;, time: &amp;apos;2018-11-14T08:17:03&amp;apos;
System info: host: &amp;apos;PDCLT01PC0UBVL7&amp;apos;, ip: &amp;apos;10.77.64.89&amp;apos;, os.name: &amp;apos;Windows 7&amp;apos;, os.arch: &amp;apos;amd64&amp;apos;, os.version: &amp;apos;6.1&amp;apos;, java.version: &amp;apos;1.8.0_162&amp;apos;
Driver info: org.openqa.selenium.chrome.ChromeDriver
Capabilities {acceptInsecureCerts: false, acceptSslCerts: false, applicationCacheEnabled: false, browserConnectionEnabled: false, browserName: chrome, chrome: {chromedriverVersion: 72.0.3626.69 (3c16f8a135abc..., userDataDir: C:\Users\Mpatil\AppData\Loc...}, cssSelectorsEnabled: true, databaseEnabled: false, goog:chromeOptions: {debuggerAddress: localhost:52279}, handlesAlerts: true, hasTouchScreen: false, javascriptEnabled: true, locationContextEnabled: true, mobileEmulationEnabled: false, nativeEvents: true, networkConnectionEnabled: false, pageLoadStrategy: normal, platform: XP, platformName: XP, proxy: Proxy(), rotatable: false, setWindowRect: true, takesHeapSnapshot: true, takesScreenshot: true, timeouts: {implicit: 0, pageLoad: 300000, script: 30000}, unexpectedAlertBehaviour: ignore, unhandledPromptBehavior: ignore, version: 71.0.3578.98, webStorageEnabled: true}
Session ID: e49b80aef730bb17448f6a79a854974b">
      <![CDATA[org.openqa.selenium.TimeoutException: Expected condition failed: waiting for visibility of element located by By.xpath: //button[ @onclick = 'modJs.createUser();' ] (tried for 30 second(s) with 500 milliseconds interval)
Build info: version: '3.141.59', revision: 'e82be7d358', time: '2018-11-14T08:17:03'
System info: host: 'PDCLT01PC0UBVL7', ip: '10.77.64.89', os.name: 'Windows 7', os.arch: 'amd64', os.version: '6.1', java.version: '1.8.0_162'
Driver info: org.openqa.selenium.chrome.ChromeDriver
Capabilities {acceptInsecureCerts: false, acceptSslCerts: false, applicationCacheEnabled: false, browserConnectionEnabled: false, browserName: chrome, chrome: {chromedriverVersion: 72.0.3626.69 (3c16f8a135abc..., userDataDir: C:\Users\Mpatil\AppData\Loc...}, cssSelectorsEnabled: true, databaseEnabled: false, goog:chromeOptions: {debuggerAddress: localhost:52279}, handlesAlerts: true, hasTouchScreen: false, javascriptEnabled: true, locationContextEnabled: true, mobileEmulationEnabled: false, nativeEvents: true, networkConnectionEnabled: false, pageLoadStrategy: normal, platform: XP, platformName: XP, proxy: Proxy(), rotatable: false, setWindowRect: true, takesHeapSnapshot: true, takesScreenshot: true, timeouts: {implicit: 0, pageLoad: 300000, script: 30000}, unexpectedAlertBehaviour: ignore, unhandledPromptBehavior: ignore, version: 71.0.3578.98, webStorageEnabled: true}
Session ID: e49b80aef730bb17448f6a79a854974b
at org.openqa.selenium.support.ui.WebDriverWait.timeoutException(WebDriverWait.java:95)
at org.openqa.selenium.support.ui.FluentWait.until(FluentWait.java:272)
at sprint0.employessAddEmployee.testAddUserValid(employessAddEmployee.java:48)
... Removed 26 stack frames]]>
    </failure>
  </testcase> <!-- testAddUserValid -->
  <testcase name="testAddUserDuplicate" time="28.299" classname="sprint0.employessAddEmployee"/>
  <testcase name="testAddUserInvalidData" time="24.439" classname="sprint0.employessAddEmployee"/>
  <testcase name="testAddUserInvalidData" time="25.217" classname="sprint0.employessAddEmployee"/>
  <testcase name="testAddUserInvalidData" time="27.35" classname="sprint0.employessAddEmployee"/>
  <testcase name="testAddUserInvalidData" time="33.478" classname="sprint0.employessAddEmployee"/>
  <testcase name="testAddUserInvalidData" time="28.107" classname="sprint0.employessAddEmployee"/>
  <testcase name="testAddUserInvalidData" time="30.084" classname="sprint0.employessAddEmployee"/>
  <testcase name="testAddUserInvalidData" time="29.259" classname="sprint0.employessAddEmployee"/>
  <testcase name="testAddUserInvalidData" time="27.359" classname="sprint0.employessAddEmployee"/>
  <testcase name="testAddUserInvalidData" time="26.125" classname="sprint0.employessAddEmployee"/>
  <testcase name="testAddUserInvalidData" time="26.859" classname="sprint0.employessAddEmployee"/>
  <testcase name="testAddUserInvalidData" time="30.952" classname="sprint0.employessAddEmployee"/>
  <testcase name="testAddUserInvalidData" time="29.502" classname="sprint0.employessAddEmployee"/>
  <testcase name="testAddUserInvalidData" time="30.348" classname="sprint0.employessAddEmployee"/>
</testsuite> <!-- exampletest1 -->
